<?xml version="1.0" encoding="UTF-8"?>
<!-- Generated by org.testng.reporters.JUnitReportReporter -->
<testsuite skipped="0" hostname="DESKTOP-RF5JEPV" name="com.qa.wordpress.WordPressLogin" tests="1" failures="0" timestamp="19 Dec 2016 17:34:29 GMT" time="58.400" errors="0">
  <testcase name="login" time="58.400" classname="com.qa.wordpress.WordPressLogin"/>
</testsuite> <!-- com.qa.wordpress.WordPressLogin -->
