<?xml version="1.0" encoding="UTF-8"?>
<!-- Generated by org.testng.reporters.JUnitReportReporter -->
<testsuite skipped="0" hostname="DESKTOP-RF5JEPV" name="com.selenium.test.google" tests="1" failures="0" timestamp="21 Dec 2016 18:14:21 GMT" time="36.057" errors="0">
  <testcase name="test" time="36.057" classname="com.selenium.test.google"/>
</testsuite> <!-- com.selenium.test.google -->
