<?xml version="1.0" encoding="UTF-8"?>
<!-- Generated by org.testng.reporters.JUnitReportReporter -->
<testsuite skipped="0" hostname="DESKTOP-RF5JEPV" name="com.qa.wordpress.WordPressLogin" tests="1" failures="0" timestamp="18 Dec 2016 17:04:18 GMT" time="31.261" errors="0">
  <testcase name="login" time="31.261" classname="com.qa.wordpress.WordPressLogin"/>
</testsuite> <!-- com.qa.wordpress.WordPressLogin -->
